C:\Users\Yoga\Downloads\TR Tower\TR Tower\TR ASDOS\Debug\TR ASDOS.exe
C:\Users\Yoga\Downloads\TR Tower\TR Tower\TR ASDOS\Debug\TR ASDOS.ilk
C:\Users\Yoga\Downloads\TR Tower\TR Tower\TR ASDOS\Debug\TR ASDOS.pdb
C:\Users\Yoga\Downloads\TR Tower\TR Tower\TR ASDOS\TR ASDOS\Debug\cl.command.1.tlog
C:\Users\Yoga\Downloads\TR Tower\TR Tower\TR ASDOS\TR ASDOS\Debug\CL.read.1.tlog
C:\Users\Yoga\Downloads\TR Tower\TR Tower\TR ASDOS\TR ASDOS\Debug\CL.write.1.tlog
C:\Users\Yoga\Downloads\TR Tower\TR Tower\TR ASDOS\TR ASDOS\Debug\imageloader.obj
C:\Users\Yoga\Downloads\TR Tower\TR Tower\TR ASDOS\TR ASDOS\Debug\link.command.1.tlog
C:\Users\Yoga\Downloads\TR Tower\TR Tower\TR ASDOS\TR ASDOS\Debug\link.read.1.tlog
C:\Users\Yoga\Downloads\TR Tower\TR Tower\TR ASDOS\TR ASDOS\Debug\link.write.1.tlog
C:\Users\Yoga\Downloads\TR Tower\TR Tower\TR ASDOS\TR ASDOS\Debug\mt.command.1.tlog
C:\Users\Yoga\Downloads\TR Tower\TR Tower\TR ASDOS\TR ASDOS\Debug\mt.read.1.tlog
C:\Users\Yoga\Downloads\TR Tower\TR Tower\TR ASDOS\TR ASDOS\Debug\mt.write.1.tlog
C:\Users\Yoga\Downloads\TR Tower\TR Tower\TR ASDOS\TR ASDOS\Debug\TR ASDOS.exe.intermediate.manifest
C:\Users\Yoga\Downloads\TR Tower\TR Tower\TR ASDOS\TR ASDOS\Debug\TR ASDOS.vcxprojResolveAssemblyReference.cache
C:\Users\Yoga\Downloads\TR Tower\TR Tower\TR ASDOS\TR ASDOS\Debug\TR ASDOS.write.1.tlog
C:\Users\Yoga\Downloads\TR Tower\TR Tower\TR ASDOS\TR ASDOS\Debug\TR.obj
C:\Users\Yoga\Downloads\TR Tower\TR Tower\TR ASDOS\TR ASDOS\Debug\vc100.idb
C:\Users\Yoga\Downloads\TR Tower\TR Tower\TR ASDOS\TR ASDOS\Debug\vc100.pdb
E:\JOKI\TR TOWER\TR ASDOS\DEBUG\TR ASDOS.EXE
E:\JOKI\TR TOWER\TR ASDOS\DEBUG\TR ASDOS.ILK
E:\JOKI\TR TOWER\TR ASDOS\DEBUG\TR ASDOS.PDB
E:\JOKI\TR TOWER\TR ASDOS\TR ASDOS\DEBUG\IMAGELOADER.OBJ
E:\JOKI\TR TOWER\TR ASDOS\TR ASDOS\DEBUG\TR ASDOS.EXE.INTERMEDIATE.MANIFEST
E:\JOKI\TR TOWER\TR ASDOS\TR ASDOS\DEBUG\TR.OBJ
E:\JOKI\TR TOWER\TR ASDOS\TR ASDOS\DEBUG\VC100.PDB
